[2024-05-19 11:00:43] local.ERROR: Unable to locate a class or view for component [botones]. {"exception":"[object] (InvalidArgumentException(code: 0): Unable to locate a class or view for component [botones]. at /Users/marcos/Documents/Cursos/Laravel/laravel-71940/agencia/vendor/laravel/framework/src/Illuminate/View/Compilers/ComponentTagCompiler.php:311)
[stacktrace]
#0 /Users/marcos/Documents/Cursos/Laravel/laravel-71940/agencia/vendor/laravel/framework/src/Illuminate/View/Compilers/ComponentTagCompiler.php(235): Illuminate\\View\\Compilers\\ComponentTagCompiler->componentClass('botones')
#1 /Users/marcos/Documents/Cursos/Laravel/laravel-71940/agencia/vendor/laravel/framework/src/Illuminate/View/Compilers/ComponentTagCompiler.php(156): Illuminate\\View\\Compilers\\ComponentTagCompiler->componentString('botones', Array)
#2 [internal function]: Illuminate\\View\\Compilers\\ComponentTagCompiler->Illuminate\\View\\Compilers\\{closure}(Array)
#3 /Users/marcos/Documents/Cursos/Laravel/laravel-71940/agencia/vendor/laravel/framework/src/Illuminate/View/Compilers/ComponentTagCompiler.php(151): preg_replace_callback('/\\n            <...', Object(Closure), '@include('layou...')
#4 /Users/marcos/Documents/Cursos/Laravel/laravel-71940/agencia/vendor/laravel/framework/src/Illuminate/View/Compilers/ComponentTagCompiler.php(90): Illuminate\\View\\Compilers\\ComponentTagCompiler->compileOpeningTags('@include('layou...')
#5 /Users/marcos/Documents/Cursos/Laravel/laravel-71940/agencia/vendor/laravel/framework/src/Illuminate/View/Compilers/ComponentTagCompiler.php(76): Illuminate\\View\\Compilers\\ComponentTagCompiler->compileTags('@include('layou...')
#6 /Users/marcos/Documents/Cursos/Laravel/laravel-71940/agencia/vendor/laravel/framework/src/Illuminate/View/Compilers/BladeCompiler.php(438): Illuminate\\View\\Compilers\\ComponentTagCompiler->compile('@include('layou...')
#7 /Users/marcos/Documents/Cursos/Laravel/laravel-71940/agencia/vendor/laravel/framework/src/Illuminate/View/Compilers/BladeCompiler.php(270): Illuminate\\View\\Compilers\\BladeCompiler->compileComponentTags('@include('layou...')
#8 /Users/marcos/Documents/Cursos/Laravel/laravel-71940/agencia/vendor/laravel/framework/src/Illuminate/View/Compilers/BladeCompiler.php(184): Illuminate\\View\\Compilers\\BladeCompiler->compileString('@include('layou...')
#9 /Users/marcos/Documents/Cursos/Laravel/laravel-71940/agencia/vendor/laravel/framework/src/Illuminate/View/Engines/CompilerEngine.php(65): Illuminate\\View\\Compilers\\BladeCompiler->compile('/Users/marcos/D...')
#10 /Users/marcos/Documents/Cursos/Laravel/laravel-71940/agencia/vendor/laravel/framework/src/Illuminate/View/View.php(208): Illuminate\\View\\Engines\\CompilerEngine->get('/Users/marcos/D...', Array)
#11 /Users/marcos/Documents/Cursos/Laravel/laravel-71940/agencia/vendor/laravel/framework/src/Illuminate/View/View.php(191): Illuminate\\View\\View->getContents()
#12 /Users/marcos/Documents/Cursos/Laravel/laravel-71940/agencia/vendor/laravel/framework/src/Illuminate/View/View.php(160): Illuminate\\View\\View->renderContents()
#13 /Users/marcos/Documents/Cursos/Laravel/laravel-71940/agencia/vendor/laravel/framework/src/Illuminate/Http/Response.php(70): Illuminate\\View\\View->render()
#14 /Users/marcos/Documents/Cursos/Laravel/laravel-71940/agencia/vendor/laravel/framework/src/Illuminate/Http/Response.php(35): Illuminate\\Http\\Response->setContent(Object(Illuminate\\View\\View))
#15 /Users/marcos/Documents/Cursos/Laravel/laravel-71940/agencia/vendor/laravel/framework/src/Illuminate/Routing/Router.php(918): Illuminate\\Http\\Response->__construct(Object(Illuminate\\View\\View), 200, Array)
#16 /Users/marcos/Documents/Cursos/Laravel/laravel-71940/agencia/vendor/laravel/framework/src/Illuminate/Routing/Router.php(885): Illuminate\\Routing\\Router::toResponse(Object(Illuminate\\Http\\Request), Object(Illuminate\\View\\View))
#17 /Users/marcos/Documents/Cursos/Laravel/laravel-71940/agencia/vendor/laravel/framework/src/Illuminate/Routing/Router.php(805): Illuminate\\Routing\\Router->prepareResponse(Object(Illuminate\\Http\\Request), Object(Illuminate\\View\\View))
#18 /Users/marcos/Documents/Cursos/Laravel/laravel-71940/agencia/vendor/laravel/framework/src/Illuminate/Pipeline/Pipeline.php(144): Illuminate\\Routing\\Router->Illuminate\\Routing\\{closure}(Object(Illuminate\\Http\\Request))
#19 /Users/marcos/Documents/Cursos/Laravel/laravel-71940/agencia/vendor/laravel/framework/src/Illuminate/Routing/Middleware/SubstituteBindings.php(50): Illuminate\\Pipeline\\Pipeline->Illuminate\\Pipeline\\{closure}(Object(Illuminate\\Http\\Request))
#20 /Users/marcos/Documents/Cursos/Laravel/laravel-71940/agencia/vendor/laravel/framework/src/Illuminate/Pipeline/Pipeline.php(183): Illuminate\\Routing\\Middleware\\SubstituteBindings->handle(Object(Illuminate\\Http\\Request), Object(Closure))
#21 /Users/marcos/Documents/Cursos/Laravel/laravel-71940/agencia/vendor/laravel/framework/src/Illuminate/Foundation/Http/Middleware/VerifyCsrfToken.php(88): Illuminate\\Pipeline\\Pipeline->Illuminate\\Pipeline\\{closure}(Object(Illuminate\\Http\\Request))
#22 /Users/marcos/Documents/Cursos/Laravel/laravel-71940/agencia/vendor/laravel/framework/src/Illuminate/Pipeline/Pipeline.php(183): Illuminate\\Foundation\\Http\\Middleware\\VerifyCsrfToken->handle(Object(Illuminate\\Http\\Request), Object(Closure))
#23 /Users/marcos/Documents/Cursos/Laravel/laravel-71940/agencia/vendor/laravel/framework/src/Illuminate/View/Middleware/ShareErrorsFromSession.php(49): Illuminate\\Pipeline\\Pipeline->Illuminate\\Pipeline\\{closure}(Object(Illuminate\\Http\\Request))
#24 /Users/marcos/Documents/Cursos/Laravel/laravel-71940/agencia/vendor/laravel/framework/src/Illuminate/Pipeline/Pipeline.php(183): Illuminate\\View\\Middleware\\ShareErrorsFromSession->handle(Object(Illuminate\\Http\\Request), Object(Closure))
#25 /Users/marcos/Documents/Cursos/Laravel/laravel-71940/agencia/vendor/laravel/framework/src/Illuminate/Session/Middleware/StartSession.php(121): Illuminate\\Pipeline\\Pipeline->Illuminate\\Pipeline\\{closure}(Object(Illuminate\\Http\\Request))
#26 /Users/marcos/Documents/Cursos/Laravel/laravel-71940/agencia/vendor/laravel/framework/src/Illuminate/Session/Middleware/StartSession.php(64): Illuminate\\Session\\Middleware\\StartSession->handleStatefulRequest(Object(Illuminate\\Http\\Request), Object(Illuminate\\Session\\Store), Object(Closure))
#27 /Users/marcos/Documents/Cursos/Laravel/laravel-71940/agencia/vendor/laravel/framework/src/Illuminate/Pipeline/Pipeline.php(183): Illuminate\\Session\\Middleware\\StartSession->handle(Object(Illuminate\\Http\\Request), Object(Closure))
#28 /Users/marcos/Documents/Cursos/Laravel/laravel-71940/agencia/vendor/laravel/framework/src/Illuminate/Cookie/Middleware/AddQueuedCookiesToResponse.php(37): Illuminate\\Pipeline\\Pipeline->Illuminate\\Pipeline\\{closure}(Object(Illuminate\\Http\\Request))
#29 /Users/marcos/Documents/Cursos/Laravel/laravel-71940/agencia/vendor/laravel/framework/src/Illuminate/Pipeline/Pipeline.php(183): Illuminate\\Cookie\\Middleware\\AddQueuedCookiesToResponse->handle(Object(Illuminate\\Http\\Request), Object(Closure))
#30 /Users/marcos/Documents/Cursos/Laravel/laravel-71940/agencia/vendor/laravel/framework/src/Illuminate/Cookie/Middleware/EncryptCookies.php(75): Illuminate\\Pipeline\\Pipeline->Illuminate\\Pipeline\\{closure}(Object(Illuminate\\Http\\Request))
#31 /Users/marcos/Documents/Cursos/Laravel/laravel-71940/agencia/vendor/laravel/framework/src/Illuminate/Pipeline/Pipeline.php(183): Illuminate\\Cookie\\Middleware\\EncryptCookies->handle(Object(Illuminate\\Http\\Request), Object(Closure))
#32 /Users/marcos/Documents/Cursos/Laravel/laravel-71940/agencia/vendor/laravel/framework/src/Illuminate/Pipeline/Pipeline.php(119): Illuminate\\Pipeline\\Pipeline->Illuminate\\Pipeline\\{closure}(Object(Illuminate\\Http\\Request))
#33 /Users/marcos/Documents/Cursos/Laravel/laravel-71940/agencia/vendor/laravel/framework/src/Illuminate/Routing/Router.php(805): Illuminate\\Pipeline\\Pipeline->then(Object(Closure))
#34 /Users/marcos/Documents/Cursos/Laravel/laravel-71940/agencia/vendor/laravel/framework/src/Illuminate/Routing/Router.php(784): Illuminate\\Routing\\Router->runRouteWithinStack(Object(Illuminate\\Routing\\Route), Object(Illuminate\\Http\\Request))
#35 /Users/marcos/Documents/Cursos/Laravel/laravel-71940/agencia/vendor/laravel/framework/src/Illuminate/Routing/Router.php(748): Illuminate\\Routing\\Router->runRoute(Object(Illuminate\\Http\\Request), Object(Illuminate\\Routing\\Route))
#36 /Users/marcos/Documents/Cursos/Laravel/laravel-71940/agencia/vendor/laravel/framework/src/Illuminate/Routing/Router.php(737): Illuminate\\Routing\\Router->dispatchToRoute(Object(Illuminate\\Http\\Request))
#37 /Users/marcos/Documents/Cursos/Laravel/laravel-71940/agencia/vendor/laravel/framework/src/Illuminate/Foundation/Http/Kernel.php(200): Illuminate\\Routing\\Router->dispatch(Object(Illuminate\\Http\\Request))
#38 /Users/marcos/Documents/Cursos/Laravel/laravel-71940/agencia/vendor/laravel/framework/src/Illuminate/Pipeline/Pipeline.php(144): Illuminate\\Foundation\\Http\\Kernel->Illuminate\\Foundation\\Http\\{closure}(Object(Illuminate\\Http\\Request))
#39 /Users/marcos/Documents/Cursos/Laravel/laravel-71940/agencia/vendor/laravel/framework/src/Illuminate/Foundation/Http/Middleware/TransformsRequest.php(21): Illuminate\\Pipeline\\Pipeline->Illuminate\\Pipeline\\{closure}(Object(Illuminate\\Http\\Request))
#40 /Users/marcos/Documents/Cursos/Laravel/laravel-71940/agencia/vendor/laravel/framework/src/Illuminate/Foundation/Http/Middleware/ConvertEmptyStringsToNull.php(31): Illuminate\\Foundation\\Http\\Middleware\\TransformsRequest->handle(Object(Illuminate\\Http\\Request), Object(Closure))
#41 /Users/marcos/Documents/Cursos/Laravel/laravel-71940/agencia/vendor/laravel/framework/src/Illuminate/Pipeline/Pipeline.php(183): Illuminate\\Foundation\\Http\\Middleware\\ConvertEmptyStringsToNull->handle(Object(Illuminate\\Http\\Request), Object(Closure))
#42 /Users/marcos/Documents/Cursos/Laravel/laravel-71940/agencia/vendor/laravel/framework/src/Illuminate/Foundation/Http/Middleware/TransformsRequest.php(21): Illuminate\\Pipeline\\Pipeline->Illuminate\\Pipeline\\{closure}(Object(Illuminate\\Http\\Request))
#43 /Users/marcos/Documents/Cursos/Laravel/laravel-71940/agencia/vendor/laravel/framework/src/Illuminate/Foundation/Http/Middleware/TrimStrings.php(51): Illuminate\\Foundation\\Http\\Middleware\\TransformsRequest->handle(Object(Illuminate\\Http\\Request), Object(Closure))
#44 /Users/marcos/Documents/Cursos/Laravel/laravel-71940/agencia/vendor/laravel/framework/src/Illuminate/Pipeline/Pipeline.php(183): Illuminate\\Foundation\\Http\\Middleware\\TrimStrings->handle(Object(Illuminate\\Http\\Request), Object(Closure))
#45 /Users/marcos/Documents/Cursos/Laravel/laravel-71940/agencia/vendor/laravel/framework/src/Illuminate/Http/Middleware/ValidatePostSize.php(27): Illuminate\\Pipeline\\Pipeline->Illuminate\\Pipeline\\{closure}(Object(Illuminate\\Http\\Request))
#46 /Users/marcos/Documents/Cursos/Laravel/laravel-71940/agencia/vendor/laravel/framework/src/Illuminate/Pipeline/Pipeline.php(183): Illuminate\\Http\\Middleware\\ValidatePostSize->handle(Object(Illuminate\\Http\\Request), Object(Closure))
#47 /Users/marcos/Documents/Cursos/Laravel/laravel-71940/agencia/vendor/laravel/framework/src/Illuminate/Foundation/Http/Middleware/PreventRequestsDuringMaintenance.php(110): Illuminate\\Pipeline\\Pipeline->Illuminate\\Pipeline\\{closure}(Object(Illuminate\\Http\\Request))
#48 /Users/marcos/Documents/Cursos/Laravel/laravel-71940/agencia/vendor/laravel/framework/src/Illuminate/Pipeline/Pipeline.php(183): Illuminate\\Foundation\\Http\\Middleware\\PreventRequestsDuringMaintenance->handle(Object(Illuminate\\Http\\Request), Object(Closure))
#49 /Users/marcos/Documents/Cursos/Laravel/laravel-71940/agencia/vendor/laravel/framework/src/Illuminate/Http/Middleware/HandleCors.php(49): Illuminate\\Pipeline\\Pipeline->Illuminate\\Pipeline\\{closure}(Object(Illuminate\\Http\\Request))
#50 /Users/marcos/Documents/Cursos/Laravel/laravel-71940/agencia/vendor/laravel/framework/src/Illuminate/Pipeline/Pipeline.php(183): Illuminate\\Http\\Middleware\\HandleCors->handle(Object(Illuminate\\Http\\Request), Object(Closure))
#51 /Users/marcos/Documents/Cursos/Laravel/laravel-71940/agencia/vendor/laravel/framework/src/Illuminate/Http/Middleware/TrustProxies.php(57): Illuminate\\Pipeline\\Pipeline->Illuminate\\Pipeline\\{closure}(Object(Illuminate\\Http\\Request))
#52 /Users/marcos/Documents/Cursos/Laravel/laravel-71940/agencia/vendor/laravel/framework/src/Illuminate/Pipeline/Pipeline.php(183): Illuminate\\Http\\Middleware\\TrustProxies->handle(Object(Illuminate\\Http\\Request), Object(Closure))
#53 /Users/marcos/Documents/Cursos/Laravel/laravel-71940/agencia/vendor/laravel/framework/src/Illuminate/Pipeline/Pipeline.php(119): Illuminate\\Pipeline\\Pipeline->Illuminate\\Pipeline\\{closure}(Object(Illuminate\\Http\\Request))
#54 /Users/marcos/Documents/Cursos/Laravel/laravel-71940/agencia/vendor/laravel/framework/src/Illuminate/Foundation/Http/Kernel.php(175): Illuminate\\Pipeline\\Pipeline->then(Object(Closure))
#55 /Users/marcos/Documents/Cursos/Laravel/laravel-71940/agencia/vendor/laravel/framework/src/Illuminate/Foundation/Http/Kernel.php(144): Illuminate\\Foundation\\Http\\Kernel->sendRequestThroughRouter(Object(Illuminate\\Http\\Request))
#56 /Users/marcos/Documents/Cursos/Laravel/laravel-71940/agencia/vendor/laravel/framework/src/Illuminate/Foundation/Application.php(1172): Illuminate\\Foundation\\Http\\Kernel->handle(Object(Illuminate\\Http\\Request))
#57 /Users/marcos/Documents/Cursos/Laravel/laravel-71940/agencia/public/index.php(17): Illuminate\\Foundation\\Application->handleRequest(Object(Illuminate\\Http\\Request))
#58 /Users/marcos/Documents/Cursos/Laravel/laravel-71940/agencia/vendor/laravel/framework/src/Illuminate/Foundation/resources/server.php(16): require_once('/Users/marcos/D...')
#59 {main}
"} 
[2024-05-19 11:00:50] local.ERROR: Unable to locate a class or view for component [botones]. {"exception":"[object] (InvalidArgumentException(code: 0): Unable to locate a class or view for component [botones]. at /Users/marcos/Documents/Cursos/Laravel/laravel-71940/agencia/vendor/laravel/framework/src/Illuminate/View/Compilers/ComponentTagCompiler.php:311)
[stacktrace]
#0 /Users/marcos/Documents/Cursos/Laravel/laravel-71940/agencia/vendor/laravel/framework/src/Illuminate/View/Compilers/ComponentTagCompiler.php(235): Illuminate\\View\\Compilers\\ComponentTagCompiler->componentClass('botones')
#1 /Users/marcos/Documents/Cursos/Laravel/laravel-71940/agencia/vendor/laravel/framework/src/Illuminate/View/Compilers/ComponentTagCompiler.php(156): Illuminate\\View\\Compilers\\ComponentTagCompiler->componentString('botones', Array)
#2 [internal function]: Illuminate\\View\\Compilers\\ComponentTagCompiler->Illuminate\\View\\Compilers\\{closure}(Array)
#3 /Users/marcos/Documents/Cursos/Laravel/laravel-71940/agencia/vendor/laravel/framework/src/Illuminate/View/Compilers/ComponentTagCompiler.php(151): preg_replace_callback('/\\n            <...', Object(Closure), '@include('layou...')
#4 /Users/marcos/Documents/Cursos/Laravel/laravel-71940/agencia/vendor/laravel/framework/src/Illuminate/View/Compilers/ComponentTagCompiler.php(90): Illuminate\\View\\Compilers\\ComponentTagCompiler->compileOpeningTags('@include('layou...')
#5 /Users/marcos/Documents/Cursos/Laravel/laravel-71940/agencia/vendor/laravel/framework/src/Illuminate/View/Compilers/ComponentTagCompiler.php(76): Illuminate\\View\\Compilers\\ComponentTagCompiler->compileTags('@include('layou...')
#6 /Users/marcos/Documents/Cursos/Laravel/laravel-71940/agencia/vendor/laravel/framework/src/Illuminate/View/Compilers/BladeCompiler.php(438): Illuminate\\View\\Compilers\\ComponentTagCompiler->compile('@include('layou...')
#7 /Users/marcos/Documents/Cursos/Laravel/laravel-71940/agencia/vendor/laravel/framework/src/Illuminate/View/Compilers/BladeCompiler.php(270): Illuminate\\View\\Compilers\\BladeCompiler->compileComponentTags('@include('layou...')
#8 /Users/marcos/Documents/Cursos/Laravel/laravel-71940/agencia/vendor/laravel/framework/src/Illuminate/View/Compilers/BladeCompiler.php(184): Illuminate\\View\\Compilers\\BladeCompiler->compileString('@include('layou...')
#9 /Users/marcos/Documents/Cursos/Laravel/laravel-71940/agencia/vendor/laravel/framework/src/Illuminate/View/Engines/CompilerEngine.php(65): Illuminate\\View\\Compilers\\BladeCompiler->compile('/Users/marcos/D...')
#10 /Users/marcos/Documents/Cursos/Laravel/laravel-71940/agencia/vendor/laravel/framework/src/Illuminate/View/View.php(208): Illuminate\\View\\Engines\\CompilerEngine->get('/Users/marcos/D...', Array)
#11 /Users/marcos/Documents/Cursos/Laravel/laravel-71940/agencia/vendor/laravel/framework/src/Illuminate/View/View.php(191): Illuminate\\View\\View->getContents()
#12 /Users/marcos/Documents/Cursos/Laravel/laravel-71940/agencia/vendor/laravel/framework/src/Illuminate/View/View.php(160): Illuminate\\View\\View->renderContents()
#13 /Users/marcos/Documents/Cursos/Laravel/laravel-71940/agencia/vendor/laravel/framework/src/Illuminate/Http/Response.php(70): Illuminate\\View\\View->render()
#14 /Users/marcos/Documents/Cursos/Laravel/laravel-71940/agencia/vendor/laravel/framework/src/Illuminate/Http/Response.php(35): Illuminate\\Http\\Response->setContent(Object(Illuminate\\View\\View))
#15 /Users/marcos/Documents/Cursos/Laravel/laravel-71940/agencia/vendor/laravel/framework/src/Illuminate/Routing/Router.php(918): Illuminate\\Http\\Response->__construct(Object(Illuminate\\View\\View), 200, Array)
#16 /Users/marcos/Documents/Cursos/Laravel/laravel-71940/agencia/vendor/laravel/framework/src/Illuminate/Routing/Router.php(885): Illuminate\\Routing\\Router::toResponse(Object(Illuminate\\Http\\Request), Object(Illuminate\\View\\View))
#17 /Users/marcos/Documents/Cursos/Laravel/laravel-71940/agencia/vendor/laravel/framework/src/Illuminate/Routing/Router.php(805): Illuminate\\Routing\\Router->prepareResponse(Object(Illuminate\\Http\\Request), Object(Illuminate\\View\\View))
#18 /Users/marcos/Documents/Cursos/Laravel/laravel-71940/agencia/vendor/laravel/framework/src/Illuminate/Pipeline/Pipeline.php(144): Illuminate\\Routing\\Router->Illuminate\\Routing\\{closure}(Object(Illuminate\\Http\\Request))
#19 /Users/marcos/Documents/Cursos/Laravel/laravel-71940/agencia/vendor/laravel/framework/src/Illuminate/Routing/Middleware/SubstituteBindings.php(50): Illuminate\\Pipeline\\Pipeline->Illuminate\\Pipeline\\{closure}(Object(Illuminate\\Http\\Request))
#20 /Users/marcos/Documents/Cursos/Laravel/laravel-71940/agencia/vendor/laravel/framework/src/Illuminate/Pipeline/Pipeline.php(183): Illuminate\\Routing\\Middleware\\SubstituteBindings->handle(Object(Illuminate\\Http\\Request), Object(Closure))
#21 /Users/marcos/Documents/Cursos/Laravel/laravel-71940/agencia/vendor/laravel/framework/src/Illuminate/Foundation/Http/Middleware/VerifyCsrfToken.php(88): Illuminate\\Pipeline\\Pipeline->Illuminate\\Pipeline\\{closure}(Object(Illuminate\\Http\\Request))
#22 /Users/marcos/Documents/Cursos/Laravel/laravel-71940/agencia/vendor/laravel/framework/src/Illuminate/Pipeline/Pipeline.php(183): Illuminate\\Foundation\\Http\\Middleware\\VerifyCsrfToken->handle(Object(Illuminate\\Http\\Request), Object(Closure))
#23 /Users/marcos/Documents/Cursos/Laravel/laravel-71940/agencia/vendor/laravel/framework/src/Illuminate/View/Middleware/ShareErrorsFromSession.php(49): Illuminate\\Pipeline\\Pipeline->Illuminate\\Pipeline\\{closure}(Object(Illuminate\\Http\\Request))
#24 /Users/marcos/Documents/Cursos/Laravel/laravel-71940/agencia/vendor/laravel/framework/src/Illuminate/Pipeline/Pipeline.php(183): Illuminate\\View\\Middleware\\ShareErrorsFromSession->handle(Object(Illuminate\\Http\\Request), Object(Closure))
#25 /Users/marcos/Documents/Cursos/Laravel/laravel-71940/agencia/vendor/laravel/framework/src/Illuminate/Session/Middleware/StartSession.php(121): Illuminate\\Pipeline\\Pipeline->Illuminate\\Pipeline\\{closure}(Object(Illuminate\\Http\\Request))
#26 /Users/marcos/Documents/Cursos/Laravel/laravel-71940/agencia/vendor/laravel/framework/src/Illuminate/Session/Middleware/StartSession.php(64): Illuminate\\Session\\Middleware\\StartSession->handleStatefulRequest(Object(Illuminate\\Http\\Request), Object(Illuminate\\Session\\Store), Object(Closure))
#27 /Users/marcos/Documents/Cursos/Laravel/laravel-71940/agencia/vendor/laravel/framework/src/Illuminate/Pipeline/Pipeline.php(183): Illuminate\\Session\\Middleware\\StartSession->handle(Object(Illuminate\\Http\\Request), Object(Closure))
#28 /Users/marcos/Documents/Cursos/Laravel/laravel-71940/agencia/vendor/laravel/framework/src/Illuminate/Cookie/Middleware/AddQueuedCookiesToResponse.php(37): Illuminate\\Pipeline\\Pipeline->Illuminate\\Pipeline\\{closure}(Object(Illuminate\\Http\\Request))
#29 /Users/marcos/Documents/Cursos/Laravel/laravel-71940/agencia/vendor/laravel/framework/src/Illuminate/Pipeline/Pipeline.php(183): Illuminate\\Cookie\\Middleware\\AddQueuedCookiesToResponse->handle(Object(Illuminate\\Http\\Request), Object(Closure))
#30 /Users/marcos/Documents/Cursos/Laravel/laravel-71940/agencia/vendor/laravel/framework/src/Illuminate/Cookie/Middleware/EncryptCookies.php(75): Illuminate\\Pipeline\\Pipeline->Illuminate\\Pipeline\\{closure}(Object(Illuminate\\Http\\Request))
#31 /Users/marcos/Documents/Cursos/Laravel/laravel-71940/agencia/vendor/laravel/framework/src/Illuminate/Pipeline/Pipeline.php(183): Illuminate\\Cookie\\Middleware\\EncryptCookies->handle(Object(Illuminate\\Http\\Request), Object(Closure))
#32 /Users/marcos/Documents/Cursos/Laravel/laravel-71940/agencia/vendor/laravel/framework/src/Illuminate/Pipeline/Pipeline.php(119): Illuminate\\Pipeline\\Pipeline->Illuminate\\Pipeline\\{closure}(Object(Illuminate\\Http\\Request))
#33 /Users/marcos/Documents/Cursos/Laravel/laravel-71940/agencia/vendor/laravel/framework/src/Illuminate/Routing/Router.php(805): Illuminate\\Pipeline\\Pipeline->then(Object(Closure))
#34 /Users/marcos/Documents/Cursos/Laravel/laravel-71940/agencia/vendor/laravel/framework/src/Illuminate/Routing/Router.php(784): Illuminate\\Routing\\Router->runRouteWithinStack(Object(Illuminate\\Routing\\Route), Object(Illuminate\\Http\\Request))
#35 /Users/marcos/Documents/Cursos/Laravel/laravel-71940/agencia/vendor/laravel/framework/src/Illuminate/Routing/Router.php(748): Illuminate\\Routing\\Router->runRoute(Object(Illuminate\\Http\\Request), Object(Illuminate\\Routing\\Route))
#36 /Users/marcos/Documents/Cursos/Laravel/laravel-71940/agencia/vendor/laravel/framework/src/Illuminate/Routing/Router.php(737): Illuminate\\Routing\\Router->dispatchToRoute(Object(Illuminate\\Http\\Request))
#37 /Users/marcos/Documents/Cursos/Laravel/laravel-71940/agencia/vendor/laravel/framework/src/Illuminate/Foundation/Http/Kernel.php(200): Illuminate\\Routing\\Router->dispatch(Object(Illuminate\\Http\\Request))
#38 /Users/marcos/Documents/Cursos/Laravel/laravel-71940/agencia/vendor/laravel/framework/src/Illuminate/Pipeline/Pipeline.php(144): Illuminate\\Foundation\\Http\\Kernel->Illuminate\\Foundation\\Http\\{closure}(Object(Illuminate\\Http\\Request))
#39 /Users/marcos/Documents/Cursos/Laravel/laravel-71940/agencia/vendor/laravel/framework/src/Illuminate/Foundation/Http/Middleware/TransformsRequest.php(21): Illuminate\\Pipeline\\Pipeline->Illuminate\\Pipeline\\{closure}(Object(Illuminate\\Http\\Request))
#40 /Users/marcos/Documents/Cursos/Laravel/laravel-71940/agencia/vendor/laravel/framework/src/Illuminate/Foundation/Http/Middleware/ConvertEmptyStringsToNull.php(31): Illuminate\\Foundation\\Http\\Middleware\\TransformsRequest->handle(Object(Illuminate\\Http\\Request), Object(Closure))
#41 /Users/marcos/Documents/Cursos/Laravel/laravel-71940/agencia/vendor/laravel/framework/src/Illuminate/Pipeline/Pipeline.php(183): Illuminate\\Foundation\\Http\\Middleware\\ConvertEmptyStringsToNull->handle(Object(Illuminate\\Http\\Request), Object(Closure))
#42 /Users/marcos/Documents/Cursos/Laravel/laravel-71940/agencia/vendor/laravel/framework/src/Illuminate/Foundation/Http/Middleware/TransformsRequest.php(21): Illuminate\\Pipeline\\Pipeline->Illuminate\\Pipeline\\{closure}(Object(Illuminate\\Http\\Request))
#43 /Users/marcos/Documents/Cursos/Laravel/laravel-71940/agencia/vendor/laravel/framework/src/Illuminate/Foundation/Http/Middleware/TrimStrings.php(51): Illuminate\\Foundation\\Http\\Middleware\\TransformsRequest->handle(Object(Illuminate\\Http\\Request), Object(Closure))
#44 /Users/marcos/Documents/Cursos/Laravel/laravel-71940/agencia/vendor/laravel/framework/src/Illuminate/Pipeline/Pipeline.php(183): Illuminate\\Foundation\\Http\\Middleware\\TrimStrings->handle(Object(Illuminate\\Http\\Request), Object(Closure))
#45 /Users/marcos/Documents/Cursos/Laravel/laravel-71940/agencia/vendor/laravel/framework/src/Illuminate/Http/Middleware/ValidatePostSize.php(27): Illuminate\\Pipeline\\Pipeline->Illuminate\\Pipeline\\{closure}(Object(Illuminate\\Http\\Request))
#46 /Users/marcos/Documents/Cursos/Laravel/laravel-71940/agencia/vendor/laravel/framework/src/Illuminate/Pipeline/Pipeline.php(183): Illuminate\\Http\\Middleware\\ValidatePostSize->handle(Object(Illuminate\\Http\\Request), Object(Closure))
#47 /Users/marcos/Documents/Cursos/Laravel/laravel-71940/agencia/vendor/laravel/framework/src/Illuminate/Foundation/Http/Middleware/PreventRequestsDuringMaintenance.php(110): Illuminate\\Pipeline\\Pipeline->Illuminate\\Pipeline\\{closure}(Object(Illuminate\\Http\\Request))
#48 /Users/marcos/Documents/Cursos/Laravel/laravel-71940/agencia/vendor/laravel/framework/src/Illuminate/Pipeline/Pipeline.php(183): Illuminate\\Foundation\\Http\\Middleware\\PreventRequestsDuringMaintenance->handle(Object(Illuminate\\Http\\Request), Object(Closure))
#49 /Users/marcos/Documents/Cursos/Laravel/laravel-71940/agencia/vendor/laravel/framework/src/Illuminate/Http/Middleware/HandleCors.php(49): Illuminate\\Pipeline\\Pipeline->Illuminate\\Pipeline\\{closure}(Object(Illuminate\\Http\\Request))
#50 /Users/marcos/Documents/Cursos/Laravel/laravel-71940/agencia/vendor/laravel/framework/src/Illuminate/Pipeline/Pipeline.php(183): Illuminate\\Http\\Middleware\\HandleCors->handle(Object(Illuminate\\Http\\Request), Object(Closure))
#51 /Users/marcos/Documents/Cursos/Laravel/laravel-71940/agencia/vendor/laravel/framework/src/Illuminate/Http/Middleware/TrustProxies.php(57): Illuminate\\Pipeline\\Pipeline->Illuminate\\Pipeline\\{closure}(Object(Illuminate\\Http\\Request))
#52 /Users/marcos/Documents/Cursos/Laravel/laravel-71940/agencia/vendor/laravel/framework/src/Illuminate/Pipeline/Pipeline.php(183): Illuminate\\Http\\Middleware\\TrustProxies->handle(Object(Illuminate\\Http\\Request), Object(Closure))
#53 /Users/marcos/Documents/Cursos/Laravel/laravel-71940/agencia/vendor/laravel/framework/src/Illuminate/Pipeline/Pipeline.php(119): Illuminate\\Pipeline\\Pipeline->Illuminate\\Pipeline\\{closure}(Object(Illuminate\\Http\\Request))
#54 /Users/marcos/Documents/Cursos/Laravel/laravel-71940/agencia/vendor/laravel/framework/src/Illuminate/Foundation/Http/Kernel.php(175): Illuminate\\Pipeline\\Pipeline->then(Object(Closure))
#55 /Users/marcos/Documents/Cursos/Laravel/laravel-71940/agencia/vendor/laravel/framework/src/Illuminate/Foundation/Http/Kernel.php(144): Illuminate\\Foundation\\Http\\Kernel->sendRequestThroughRouter(Object(Illuminate\\Http\\Request))
#56 /Users/marcos/Documents/Cursos/Laravel/laravel-71940/agencia/vendor/laravel/framework/src/Illuminate/Foundation/Application.php(1172): Illuminate\\Foundation\\Http\\Kernel->handle(Object(Illuminate\\Http\\Request))
#57 /Users/marcos/Documents/Cursos/Laravel/laravel-71940/agencia/public/index.php(17): Illuminate\\Foundation\\Application->handleRequest(Object(Illuminate\\Http\\Request))
#58 /Users/marcos/Documents/Cursos/Laravel/laravel-71940/agencia/vendor/laravel/framework/src/Illuminate/Foundation/resources/server.php(16): require_once('/Users/marcos/D...')
#59 {main}
"} 
[2024-05-19 11:00:54] local.ERROR: Unable to locate a class or view for component [botones]. {"exception":"[object] (InvalidArgumentException(code: 0): Unable to locate a class or view for component [botones]. at /Users/marcos/Documents/Cursos/Laravel/laravel-71940/agencia/vendor/laravel/framework/src/Illuminate/View/Compilers/ComponentTagCompiler.php:311)
[stacktrace]
#0 /Users/marcos/Documents/Cursos/Laravel/laravel-71940/agencia/vendor/laravel/framework/src/Illuminate/View/Compilers/ComponentTagCompiler.php(235): Illuminate\\View\\Compilers\\ComponentTagCompiler->componentClass('botones')
#1 /Users/marcos/Documents/Cursos/Laravel/laravel-71940/agencia/vendor/laravel/framework/src/Illuminate/View/Compilers/ComponentTagCompiler.php(156): Illuminate\\View\\Compilers\\ComponentTagCompiler->componentString('botones', Array)
#2 [internal function]: Illuminate\\View\\Compilers\\ComponentTagCompiler->Illuminate\\View\\Compilers\\{closure}(Array)
#3 /Users/marcos/Documents/Cursos/Laravel/laravel-71940/agencia/vendor/laravel/framework/src/Illuminate/View/Compilers/ComponentTagCompiler.php(151): preg_replace_callback('/\\n            <...', Object(Closure), '@include('layou...')
#4 /Users/marcos/Documents/Cursos/Laravel/laravel-71940/agencia/vendor/laravel/framework/src/Illuminate/View/Compilers/ComponentTagCompiler.php(90): Illuminate\\View\\Compilers\\ComponentTagCompiler->compileOpeningTags('@include('layou...')
#5 /Users/marcos/Documents/Cursos/Laravel/laravel-71940/agencia/vendor/laravel/framework/src/Illuminate/View/Compilers/ComponentTagCompiler.php(76): Illuminate\\View\\Compilers\\ComponentTagCompiler->compileTags('@include('layou...')
#6 /Users/marcos/Documents/Cursos/Laravel/laravel-71940/agencia/vendor/laravel/framework/src/Illuminate/View/Compilers/BladeCompiler.php(438): Illuminate\\View\\Compilers\\ComponentTagCompiler->compile('@include('layou...')
#7 /Users/marcos/Documents/Cursos/Laravel/laravel-71940/agencia/vendor/laravel/framework/src/Illuminate/View/Compilers/BladeCompiler.php(270): Illuminate\\View\\Compilers\\BladeCompiler->compileComponentTags('@include('layou...')
#8 /Users/marcos/Documents/Cursos/Laravel/laravel-71940/agencia/vendor/laravel/framework/src/Illuminate/View/Compilers/BladeCompiler.php(184): Illuminate\\View\\Compilers\\BladeCompiler->compileString('@include('layou...')
#9 /Users/marcos/Documents/Cursos/Laravel/laravel-71940/agencia/vendor/laravel/framework/src/Illuminate/View/Engines/CompilerEngine.php(65): Illuminate\\View\\Compilers\\BladeCompiler->compile('/Users/marcos/D...')
#10 /Users/marcos/Documents/Cursos/Laravel/laravel-71940/agencia/vendor/laravel/framework/src/Illuminate/View/View.php(208): Illuminate\\View\\Engines\\CompilerEngine->get('/Users/marcos/D...', Array)
#11 /Users/marcos/Documents/Cursos/Laravel/laravel-71940/agencia/vendor/laravel/framework/src/Illuminate/View/View.php(191): Illuminate\\View\\View->getContents()
#12 /Users/marcos/Documents/Cursos/Laravel/laravel-71940/agencia/vendor/laravel/framework/src/Illuminate/View/View.php(160): Illuminate\\View\\View->renderContents()
#13 /Users/marcos/Documents/Cursos/Laravel/laravel-71940/agencia/vendor/laravel/framework/src/Illuminate/Http/Response.php(70): Illuminate\\View\\View->render()
#14 /Users/marcos/Documents/Cursos/Laravel/laravel-71940/agencia/vendor/laravel/framework/src/Illuminate/Http/Response.php(35): Illuminate\\Http\\Response->setContent(Object(Illuminate\\View\\View))
#15 /Users/marcos/Documents/Cursos/Laravel/laravel-71940/agencia/vendor/laravel/framework/src/Illuminate/Routing/Router.php(918): Illuminate\\Http\\Response->__construct(Object(Illuminate\\View\\View), 200, Array)
#16 /Users/marcos/Documents/Cursos/Laravel/laravel-71940/agencia/vendor/laravel/framework/src/Illuminate/Routing/Router.php(885): Illuminate\\Routing\\Router::toResponse(Object(Illuminate\\Http\\Request), Object(Illuminate\\View\\View))
#17 /Users/marcos/Documents/Cursos/Laravel/laravel-71940/agencia/vendor/laravel/framework/src/Illuminate/Routing/Router.php(805): Illuminate\\Routing\\Router->prepareResponse(Object(Illuminate\\Http\\Request), Object(Illuminate\\View\\View))
#18 /Users/marcos/Documents/Cursos/Laravel/laravel-71940/agencia/vendor/laravel/framework/src/Illuminate/Pipeline/Pipeline.php(144): Illuminate\\Routing\\Router->Illuminate\\Routing\\{closure}(Object(Illuminate\\Http\\Request))
#19 /Users/marcos/Documents/Cursos/Laravel/laravel-71940/agencia/vendor/laravel/framework/src/Illuminate/Routing/Middleware/SubstituteBindings.php(50): Illuminate\\Pipeline\\Pipeline->Illuminate\\Pipeline\\{closure}(Object(Illuminate\\Http\\Request))
#20 /Users/marcos/Documents/Cursos/Laravel/laravel-71940/agencia/vendor/laravel/framework/src/Illuminate/Pipeline/Pipeline.php(183): Illuminate\\Routing\\Middleware\\SubstituteBindings->handle(Object(Illuminate\\Http\\Request), Object(Closure))
#21 /Users/marcos/Documents/Cursos/Laravel/laravel-71940/agencia/vendor/laravel/framework/src/Illuminate/Foundation/Http/Middleware/VerifyCsrfToken.php(88): Illuminate\\Pipeline\\Pipeline->Illuminate\\Pipeline\\{closure}(Object(Illuminate\\Http\\Request))
#22 /Users/marcos/Documents/Cursos/Laravel/laravel-71940/agencia/vendor/laravel/framework/src/Illuminate/Pipeline/Pipeline.php(183): Illuminate\\Foundation\\Http\\Middleware\\VerifyCsrfToken->handle(Object(Illuminate\\Http\\Request), Object(Closure))
#23 /Users/marcos/Documents/Cursos/Laravel/laravel-71940/agencia/vendor/laravel/framework/src/Illuminate/View/Middleware/ShareErrorsFromSession.php(49): Illuminate\\Pipeline\\Pipeline->Illuminate\\Pipeline\\{closure}(Object(Illuminate\\Http\\Request))
#24 /Users/marcos/Documents/Cursos/Laravel/laravel-71940/agencia/vendor/laravel/framework/src/Illuminate/Pipeline/Pipeline.php(183): Illuminate\\View\\Middleware\\ShareErrorsFromSession->handle(Object(Illuminate\\Http\\Request), Object(Closure))
#25 /Users/marcos/Documents/Cursos/Laravel/laravel-71940/agencia/vendor/laravel/framework/src/Illuminate/Session/Middleware/StartSession.php(121): Illuminate\\Pipeline\\Pipeline->Illuminate\\Pipeline\\{closure}(Object(Illuminate\\Http\\Request))
#26 /Users/marcos/Documents/Cursos/Laravel/laravel-71940/agencia/vendor/laravel/framework/src/Illuminate/Session/Middleware/StartSession.php(64): Illuminate\\Session\\Middleware\\StartSession->handleStatefulRequest(Object(Illuminate\\Http\\Request), Object(Illuminate\\Session\\Store), Object(Closure))
#27 /Users/marcos/Documents/Cursos/Laravel/laravel-71940/agencia/vendor/laravel/framework/src/Illuminate/Pipeline/Pipeline.php(183): Illuminate\\Session\\Middleware\\StartSession->handle(Object(Illuminate\\Http\\Request), Object(Closure))
#28 /Users/marcos/Documents/Cursos/Laravel/laravel-71940/agencia/vendor/laravel/framework/src/Illuminate/Cookie/Middleware/AddQueuedCookiesToResponse.php(37): Illuminate\\Pipeline\\Pipeline->Illuminate\\Pipeline\\{closure}(Object(Illuminate\\Http\\Request))
#29 /Users/marcos/Documents/Cursos/Laravel/laravel-71940/agencia/vendor/laravel/framework/src/Illuminate/Pipeline/Pipeline.php(183): Illuminate\\Cookie\\Middleware\\AddQueuedCookiesToResponse->handle(Object(Illuminate\\Http\\Request), Object(Closure))
#30 /Users/marcos/Documents/Cursos/Laravel/laravel-71940/agencia/vendor/laravel/framework/src/Illuminate/Cookie/Middleware/EncryptCookies.php(75): Illuminate\\Pipeline\\Pipeline->Illuminate\\Pipeline\\{closure}(Object(Illuminate\\Http\\Request))
#31 /Users/marcos/Documents/Cursos/Laravel/laravel-71940/agencia/vendor/laravel/framework/src/Illuminate/Pipeline/Pipeline.php(183): Illuminate\\Cookie\\Middleware\\EncryptCookies->handle(Object(Illuminate\\Http\\Request), Object(Closure))
#32 /Users/marcos/Documents/Cursos/Laravel/laravel-71940/agencia/vendor/laravel/framework/src/Illuminate/Pipeline/Pipeline.php(119): Illuminate\\Pipeline\\Pipeline->Illuminate\\Pipeline\\{closure}(Object(Illuminate\\Http\\Request))
#33 /Users/marcos/Documents/Cursos/Laravel/laravel-71940/agencia/vendor/laravel/framework/src/Illuminate/Routing/Router.php(805): Illuminate\\Pipeline\\Pipeline->then(Object(Closure))
#34 /Users/marcos/Documents/Cursos/Laravel/laravel-71940/agencia/vendor/laravel/framework/src/Illuminate/Routing/Router.php(784): Illuminate\\Routing\\Router->runRouteWithinStack(Object(Illuminate\\Routing\\Route), Object(Illuminate\\Http\\Request))
#35 /Users/marcos/Documents/Cursos/Laravel/laravel-71940/agencia/vendor/laravel/framework/src/Illuminate/Routing/Router.php(748): Illuminate\\Routing\\Router->runRoute(Object(Illuminate\\Http\\Request), Object(Illuminate\\Routing\\Route))
#36 /Users/marcos/Documents/Cursos/Laravel/laravel-71940/agencia/vendor/laravel/framework/src/Illuminate/Routing/Router.php(737): Illuminate\\Routing\\Router->dispatchToRoute(Object(Illuminate\\Http\\Request))
#37 /Users/marcos/Documents/Cursos/Laravel/laravel-71940/agencia/vendor/laravel/framework/src/Illuminate/Foundation/Http/Kernel.php(200): Illuminate\\Routing\\Router->dispatch(Object(Illuminate\\Http\\Request))
#38 /Users/marcos/Documents/Cursos/Laravel/laravel-71940/agencia/vendor/laravel/framework/src/Illuminate/Pipeline/Pipeline.php(144): Illuminate\\Foundation\\Http\\Kernel->Illuminate\\Foundation\\Http\\{closure}(Object(Illuminate\\Http\\Request))
#39 /Users/marcos/Documents/Cursos/Laravel/laravel-71940/agencia/vendor/laravel/framework/src/Illuminate/Foundation/Http/Middleware/TransformsRequest.php(21): Illuminate\\Pipeline\\Pipeline->Illuminate\\Pipeline\\{closure}(Object(Illuminate\\Http\\Request))
#40 /Users/marcos/Documents/Cursos/Laravel/laravel-71940/agencia/vendor/laravel/framework/src/Illuminate/Foundation/Http/Middleware/ConvertEmptyStringsToNull.php(31): Illuminate\\Foundation\\Http\\Middleware\\TransformsRequest->handle(Object(Illuminate\\Http\\Request), Object(Closure))
#41 /Users/marcos/Documents/Cursos/Laravel/laravel-71940/agencia/vendor/laravel/framework/src/Illuminate/Pipeline/Pipeline.php(183): Illuminate\\Foundation\\Http\\Middleware\\ConvertEmptyStringsToNull->handle(Object(Illuminate\\Http\\Request), Object(Closure))
#42 /Users/marcos/Documents/Cursos/Laravel/laravel-71940/agencia/vendor/laravel/framework/src/Illuminate/Foundation/Http/Middleware/TransformsRequest.php(21): Illuminate\\Pipeline\\Pipeline->Illuminate\\Pipeline\\{closure}(Object(Illuminate\\Http\\Request))
#43 /Users/marcos/Documents/Cursos/Laravel/laravel-71940/agencia/vendor/laravel/framework/src/Illuminate/Foundation/Http/Middleware/TrimStrings.php(51): Illuminate\\Foundation\\Http\\Middleware\\TransformsRequest->handle(Object(Illuminate\\Http\\Request), Object(Closure))
#44 /Users/marcos/Documents/Cursos/Laravel/laravel-71940/agencia/vendor/laravel/framework/src/Illuminate/Pipeline/Pipeline.php(183): Illuminate\\Foundation\\Http\\Middleware\\TrimStrings->handle(Object(Illuminate\\Http\\Request), Object(Closure))
#45 /Users/marcos/Documents/Cursos/Laravel/laravel-71940/agencia/vendor/laravel/framework/src/Illuminate/Http/Middleware/ValidatePostSize.php(27): Illuminate\\Pipeline\\Pipeline->Illuminate\\Pipeline\\{closure}(Object(Illuminate\\Http\\Request))
#46 /Users/marcos/Documents/Cursos/Laravel/laravel-71940/agencia/vendor/laravel/framework/src/Illuminate/Pipeline/Pipeline.php(183): Illuminate\\Http\\Middleware\\ValidatePostSize->handle(Object(Illuminate\\Http\\Request), Object(Closure))
#47 /Users/marcos/Documents/Cursos/Laravel/laravel-71940/agencia/vendor/laravel/framework/src/Illuminate/Foundation/Http/Middleware/PreventRequestsDuringMaintenance.php(110): Illuminate\\Pipeline\\Pipeline->Illuminate\\Pipeline\\{closure}(Object(Illuminate\\Http\\Request))
#48 /Users/marcos/Documents/Cursos/Laravel/laravel-71940/agencia/vendor/laravel/framework/src/Illuminate/Pipeline/Pipeline.php(183): Illuminate\\Foundation\\Http\\Middleware\\PreventRequestsDuringMaintenance->handle(Object(Illuminate\\Http\\Request), Object(Closure))
#49 /Users/marcos/Documents/Cursos/Laravel/laravel-71940/agencia/vendor/laravel/framework/src/Illuminate/Http/Middleware/HandleCors.php(49): Illuminate\\Pipeline\\Pipeline->Illuminate\\Pipeline\\{closure}(Object(Illuminate\\Http\\Request))
#50 /Users/marcos/Documents/Cursos/Laravel/laravel-71940/agencia/vendor/laravel/framework/src/Illuminate/Pipeline/Pipeline.php(183): Illuminate\\Http\\Middleware\\HandleCors->handle(Object(Illuminate\\Http\\Request), Object(Closure))
#51 /Users/marcos/Documents/Cursos/Laravel/laravel-71940/agencia/vendor/laravel/framework/src/Illuminate/Http/Middleware/TrustProxies.php(57): Illuminate\\Pipeline\\Pipeline->Illuminate\\Pipeline\\{closure}(Object(Illuminate\\Http\\Request))
#52 /Users/marcos/Documents/Cursos/Laravel/laravel-71940/agencia/vendor/laravel/framework/src/Illuminate/Pipeline/Pipeline.php(183): Illuminate\\Http\\Middleware\\TrustProxies->handle(Object(Illuminate\\Http\\Request), Object(Closure))
#53 /Users/marcos/Documents/Cursos/Laravel/laravel-71940/agencia/vendor/laravel/framework/src/Illuminate/Pipeline/Pipeline.php(119): Illuminate\\Pipeline\\Pipeline->Illuminate\\Pipeline\\{closure}(Object(Illuminate\\Http\\Request))
#54 /Users/marcos/Documents/Cursos/Laravel/laravel-71940/agencia/vendor/laravel/framework/src/Illuminate/Foundation/Http/Kernel.php(175): Illuminate\\Pipeline\\Pipeline->then(Object(Closure))
#55 /Users/marcos/Documents/Cursos/Laravel/laravel-71940/agencia/vendor/laravel/framework/src/Illuminate/Foundation/Http/Kernel.php(144): Illuminate\\Foundation\\Http\\Kernel->sendRequestThroughRouter(Object(Illuminate\\Http\\Request))
#56 /Users/marcos/Documents/Cursos/Laravel/laravel-71940/agencia/vendor/laravel/framework/src/Illuminate/Foundation/Application.php(1172): Illuminate\\Foundation\\Http\\Kernel->handle(Object(Illuminate\\Http\\Request))
#57 /Users/marcos/Documents/Cursos/Laravel/laravel-71940/agencia/public/index.php(17): Illuminate\\Foundation\\Application->handleRequest(Object(Illuminate\\Http\\Request))
#58 /Users/marcos/Documents/Cursos/Laravel/laravel-71940/agencia/vendor/laravel/framework/src/Illuminate/Foundation/resources/server.php(16): require_once('/Users/marcos/D...')
#59 {main}
"} 
